{"/Users/vantruong/Desktop/pokesteps/app/utils/pokemonHelpers.ts": {"path":"/Users/vantruong/Desktop/pokesteps/app/utils/pokemonHelpers.ts","statementMap":{"0":{"start":{"line":2,"column":17},"end":{"line":2,"column":25}},"1":{"start":{"line":3,"column":19},"end":{"line":3,"column":21}},"2":{"start":{"line":4,"column":22},"end":{"line":4,"column":25}},"3":{"start":{"line":5,"column":20},"end":{"line":5,"column":23}},"4":{"start":{"line":8,"column":20},"end":{"line":8,"column":42}},"5":{"start":{"line":9,"column":23},"end":{"line":9,"column":47}},"6":{"start":{"line":10,"column":1},"end":{"line":12,"column":38}},"7":{"start":{"line":16,"column":14},"end":{"line":16,"column":31}},"8":{"start":{"line":17,"column":1},"end":{"line":17,"column":19}},"9":{"start":{"line":18,"column":19},"end":{"line":18,"column":35}},"10":{"start":{"line":19,"column":23},"end":{"line":19,"column":39}},"11":{"start":{"line":20,"column":16},"end":{"line":20,"column":54}},"12":{"start":{"line":22,"column":1},"end":{"line":26,"column":5}}},"fnMap":{"0":{"name":"calculateWeight","decl":{"start":{"line":7,"column":16},"end":{"line":7,"column":31}},"loc":{"start":{"line":7,"column":48},"end":{"line":13,"column":1}},"line":7},"1":{"name":"calculateHeight","decl":{"start":{"line":15,"column":16},"end":{"line":15,"column":31}},"loc":{"start":{"line":15,"column":48},"end":{"line":27,"column":1}},"line":15}},"branchMap":{"0":{"loc":{"start":{"line":10,"column":8},"end":{"line":12,"column":37}},"type":"cond-expr","locations":[{"start":{"line":11,"column":4},"end":{"line":11,"column":36}},{"start":{"line":12,"column":4},"end":{"line":12,"column":37}}],"line":10},"1":{"loc":{"start":{"line":22,"column":11},"end":{"line":22,"column":49}},"type":"cond-expr","locations":[{"start":{"line":22,"column":27},"end":{"line":22,"column":44}},{"start":{"line":22,"column":47},"end":{"line":22,"column":49}}],"line":22},"2":{"loc":{"start":{"line":23,"column":2},"end":{"line":25,"column":39}},"type":"cond-expr","locations":[{"start":{"line":24,"column":5},"end":{"line":24,"column":16}},{"start":{"line":25,"column":5},"end":{"line":25,"column":39}}],"line":23},"3":{"loc":{"start":{"line":23,"column":2},"end":{"line":23,"column":32}},"type":"binary-expr","locations":[{"start":{"line":23,"column":2},"end":{"line":23,"column":17}},{"start":{"line":23,"column":21},"end":{"line":23,"column":32}}],"line":23}},"s":{"0":1,"1":1,"2":1,"3":1,"4":2,"5":2,"6":2,"7":3,"8":3,"9":3,"10":3,"11":3,"12":3},"f":{"0":2,"1":3},"b":{"0":[1,1],"1":[2,1],"2":[1,2],"3":[3,1]},"_coverageSchema":"1a1c01bbd47fc00a2c39e90264f33305004495a9","hash":"7c7f372bcaf26a94968f608cc61c1ff7e0327a50"}
}
